[dotenv@17.2.3] injecting env (19) from .env -- tip: ⚙️  enable debug logging with { debug: true }
[GeminiClient] Initialized with 3 API key(s) for automatic failover.
[ChatService] Loaded handler: brandDeals (find_brand_deals, list_brand_deals)
[ChatService] Loaded handler: commentAutoReply (enable_comment_autoreply, disable_comment_autoreply, configure_comment_autoreply)
[ChatService] Loaded handler: creatorAssets (add_asset, list_assets, delete_asset, toggle_asset)
[ChatService] Loaded handler: crossPlatform (enable_all_automation, disable_all_automation, set_platform_preference)
[ChatService] Loaded handler: dmAutoReply (enable_dm_autoreply, disable_dm_autoreply, configure_dm_autoreply, set_dm_fallback)
[ChatService] Loaded handler: preferences (set_content_target, set_time_limit, set_comment_limit, get_preferences, reset_preferences)
[ChatService] Loaded handler: profile (get_profile, analyze_persona)
[ChatService] Loaded handler: status (get_status, get_active_automations, get_comments_log, get_dm_log)
[ChatService] Loaded handler: webhooks (subscribe_webhooks)
[ChatService] 9 handlers loaded, 28 intents registered.
[BioLink] Router initialized

[Server] Instagram Graph API Server
[Server] Running on: http://localhost:8000
[Server] Environment: production
[Server] Frontend URL: https://mydmtestingapp.netlify.app
[Server] OAuth Callback: https://myautomation1.onrender.com/api/instagram/callback
[Server] Webhook URL: https://myautomation1.onrender.com/api/instagram/webhook
[Server] Webhook Verify Token: *** (set)

[MongoDB] Connected successfully
[Cron] Checking for scheduled viral tag replies...
[Cron] Checking for scheduled viral tag replies...
[Cron] Checking for scheduled viral tag replies...
[Cron] Checking for scheduled viral tag replies...
[Cron] Checking for scheduled viral tag replies...
[Cron] Checking for scheduled viral tag replies...
[Cron] Checking for scheduled viral tag replies...
[Cron] Checking for scheduled viral tag replies...
[Cron] Checking for scheduled viral tag replies...
[Cron] Checking for scheduled viral tag replies...
[Cron] Checking for scheduled viral tag replies...
[Cron] Checking for scheduled viral tag replies...
[Cron] Checking for scheduled viral tag replies...
[Cron] Checking for scheduled viral tag replies...
[Cron] Checking for scheduled viral tag replies...
[Cron] Checking for scheduled viral tag replies...
[Cron] Checking for scheduled viral tag replies...
[Cron] Checking for scheduled viral tag replies...
[Cron] Checking for scheduled viral tag replies...
[Cron] Checking for scheduled viral tag replies...
Error saving biolink: MongoServerError: E11000 duplicate key error collection: creatorhubtesting.biolinks index: username_1 dup key: { username: "testuser" }
    at InsertOneOperation.handleOk (/home/gaurishankar/Desktop/IDEAT/myautomation/backend/node_modules/mongodb/lib/operations/insert.js:51:19)
    at tryOperation (/home/gaurishankar/Desktop/IDEAT/myautomation/backend/node_modules/mongodb/lib/operations/execute_operation.js:216:34)
    at process.processTicksAndRejections (node:internal/process/task_queues:104:5)
    at async executeOperation (/home/gaurishankar/Desktop/IDEAT/myautomation/backend/node_modules/mongodb/lib/operations/execute_operation.js:80:16)
    at async Collection.insertOne (/home/gaurishankar/Desktop/IDEAT/myautomation/backend/node_modules/mongodb/lib/collection.js:154:16)
    at async model.$__save (/home/gaurishankar/Desktop/IDEAT/myautomation/backend/node_modules/mongoose/lib/model.js:400:16)
    at async model.save (/home/gaurishankar/Desktop/IDEAT/myautomation/backend/node_modules/mongoose/lib/model.js:614:5)
    at async /home/gaurishankar/Desktop/IDEAT/myautomation/backend/route/biolinkapi.js:202:7 {
  errorLabelSet: Set(0) {},
  errorResponse: {
    index: 0,
    code: 11000,
    errmsg: 'E11000 duplicate key error collection: creatorhubtesting.biolinks index: username_1 dup key: { username: "testuser" }',
    keyPattern: { username: 1 },
    keyValue: { username: 'testuser' }
  },
  index: 0,
  code: 11000,
  keyPattern: { username: 1 },
  keyValue: { username: 'testuser' }
}
[Cron] Checking for scheduled viral tag replies...
[Cron] Checking for scheduled viral tag replies...
